<?xml version="1.0" encoding="UTF-8" ?>
<testsuite tests="9" failures="0" name="org.controlsfx.control.spreadsheet.GridBaseTest" time="0.167" errors="0" skipped="0">
  <properties>
[...]
</properties>
  <testcase classname="org.controlsfx.control.spreadsheet.GridBaseTest" name="testSpanBoth" time="0.047"/>
  <testcase classname="org.controlsfx.control.spreadsheet.GridBaseTest" name="testGetSpanType" time="0.112"/>
  <testcase classname="org.controlsfx.control.spreadsheet.GridBaseTest" name="testSetCellValue" time="0.003"/>
  <testcase classname="org.controlsfx.control.spreadsheet.GridBaseTest" name="testSpanBoth2" time="0.001"/>
  <testcase classname="org.controlsfx.control.spreadsheet.GridBaseTest" name="testSpanColumn" time="0.001"/>
  <testcase classname="org.controlsfx.control.spreadsheet.GridBaseTest" name="testSetLocked" time="0"/>
  <testcase classname="org.controlsfx.control.spreadsheet.GridBaseTest" name="testGetRowCount" time="0.001"/>
  <testcase classname="org.controlsfx.control.spreadsheet.GridBaseTest" name="testGetRowHeight" time="0.001"/>
  <testcase classname="org.controlsfx.control.spreadsheet.GridBaseTest" name="testSpanRow" time="0.001"/>
</testsuite>